The system is: Windows - 10.0.18363 - AMD64
Compiling the C compiler identification source file "CMakeCCompilerId.c" succeeded.
Compiler: C:/Program Files (x86)/Microsoft Visual Studio/2019/Community/VC/Tools/MSVC/14.28.29333/bin/Hostx64/x64/cl.exe 
Build flags: 
Id flags:  

The output was:
0
Microsoft (R) C/C++ wersja kompilatora optymalizującego 19.28.29333 dla x64
Copyright (C) Microsoft Corporation. Wszystkie prawa zastrzeżone.

CMakeCCompilerId.c
Microsoft (R) Incremental Linker Version 14.28.29333.0
Copyright (C) Microsoft Corporation.  All rights reserved.

/out:CMakeCCompilerId.exe 
CMakeCCompilerId.obj 


Compilation of the C compiler identification source "CMakeCCompilerId.c" produced "CMakeCCompilerId.exe"

Compilation of the C compiler identification source "CMakeCCompilerId.c" produced "CMakeCCompilerId.obj"

The C compiler identification is MSVC, found in "C:/Users/szymon/Desktop/glTemplate/thirdparty/glad/CMakeFiles/3.18.0/CompilerIdC/CMakeCCompilerId.exe"

Detecting C compiler ABI info compiled with the following output:
Change Dir: C:/Users/szymon/Desktop/glTemplate/thirdparty/glad/CMakeFiles/CMakeTmp

Run Build Command(s):nmake /nologo cmTC_f6db5\fast && 	"C:\Program Files (x86)\Microsoft Visual Studio\2019\Community\VC\Tools\MSVC\14.28.29333\bin\HostX64\x64\nmake.exe"  -f CMakeFiles\cmTC_f6db5.dir\build.make /nologo -L                  CMakeFiles\cmTC_f6db5.dir\build
Building C object CMakeFiles/cmTC_f6db5.dir/CMakeCCompilerABI.c.obj
	C:\PROGRA~2\MICROS~1\2019\COMMUN~1\VC\Tools\MSVC\1428~1.293\bin\Hostx64\x64\cl.exe @C:\Users\szymon\AppData\Local\Temp\nm174B.tmp
CMakeCCompilerABI.c
Linking C executable cmTC_f6db5.exe
	"C:\Program Files (x86)\CMake\bin\cmake.exe" -E vs_link_exe --intdir=CMakeFiles\cmTC_f6db5.dir --rc=C:\PROGRA~2\WI3CF2~1\10\bin\100183~1.0\x64\rc.exe --mt=C:\PROGRA~2\WI3CF2~1\10\bin\100183~1.0\x64\mt.exe --manifests -- C:\PROGRA~2\MICROS~1\2019\COMMUN~1\VC\Tools\MSVC\1428~1.293\bin\Hostx64\x64\link.exe /nologo @CMakeFiles\cmTC_f6db5.dir\objects1.rsp @C:\Users\szymon\AppData\Local\Temp\nm17BA.tmp



